[11:16:13] [Server thread/INFO]: Starting minecraft server version 1.11
[11:16:14] [Server thread/INFO]: Loading properties
[11:16:14] [Server thread/INFO]: Default game type: SURVIVAL
[11:16:15] [Server thread/INFO]: This server is running CraftBukkit version git-Spigot-f950f8e-0a81101 (MC: 1.11) (Implementing API version 1.11-R0.1-SNAPSHOT)
[11:16:15] [Server thread/INFO]: Debug logging is disabled
[11:16:15] [Server thread/INFO]: Server Ping Player Sample Count: 12
[11:16:15] [Server thread/INFO]: Using 4 threads for Netty based IO
[11:16:15] [Server thread/INFO]: Generating keypair
[11:16:16] [Server thread/INFO]: Starting Minecraft server on *:25565
[11:16:16] [Server thread/INFO]: Using default channel type
[11:16:19] [Server thread/ERROR]: Could not load 'plugins\InvSync-0.6.19.318.jar' in folder 'plugins'
org.bukkit.plugin.InvalidDescriptionException: Invalid plugin.yml
	at org.bukkit.plugin.java.JavaPluginLoader.getPluginDescription(JavaPluginLoader.java:152) ~[spigot-1.11.jar:git-Spigot-f950f8e-0a81101]
	at org.bukkit.plugin.SimplePluginManager.loadPlugins(SimplePluginManager.java:133) [spigot-1.11.jar:git-Spigot-f950f8e-0a81101]
	at org.bukkit.craftbukkit.v1_11_R1.CraftServer.loadPlugins(CraftServer.java:300) [spigot-1.11.jar:git-Spigot-f950f8e-0a81101]
	at net.minecraft.server.v1_11_R1.DedicatedServer.init(DedicatedServer.java:204) [spigot-1.11.jar:git-Spigot-f950f8e-0a81101]
	at net.minecraft.server.v1_11_R1.MinecraftServer.run(MinecraftServer.java:542) [spigot-1.11.jar:git-Spigot-f950f8e-0a81101]
	at java.lang.Thread.run(Unknown Source) [?:1.8.0_281]
Caused by: java.io.FileNotFoundException: Jar does not contain plugin.yml
	... 6 more
[11:16:19] [Server thread/INFO]: Set PluginClassLoader as parallel capable
[11:16:22] [Server thread/INFO]: [CratesPlus] Loading CratesPlus v4.5.3
[11:16:22] [Server thread/INFO]: [WorldEdit] Loading WorldEdit v6.1.9;caf0ad9
[11:16:22] [Server thread/INFO]: [FirstJoinPlus] Loading FirstJoinPlus v2.4.1
[11:16:22] [Server thread/INFO]: [Scoreboard-revision] Loading Scoreboard-revision vR4 1.1 RELEASE
[11:16:22] [Server thread/INFO]: [ClearLag] Loading ClearLag v3.2.2
[11:16:22] [Server thread/INFO]: [BladeOfInfinity] Loading BladeOfInfinity v0.0.1
[11:16:22] [Server thread/INFO]: [ViaVersion] Loading ViaVersion v3.2.1
[11:16:22] [Server thread/INFO]: [ViaVersion] ViaVersion 3.2.1 is now loaded, injecting!
[11:16:24] [Via-Mappingloader-0/INFO]: [ViaVersion] Loading 1.12 -> 1.13 mappings...
[11:16:24] [Via-Mappingloader-1/INFO]: [ViaVersion] Loading 1.13 -> 1.13.2 mappings...
[11:16:25] [Via-Mappingloader-2/INFO]: [ViaVersion] Loading 1.13.2 -> 1.14 mappings...
[11:16:25] [Via-Mappingloader-3/INFO]: [ViaVersion] Loading 1.14 -> 1.15 mappings...
[11:16:26] [Via-Mappingloader-0/INFO]: [ViaVersion] Loading block connection mappings ...
[11:16:26] [Via-Mappingloader-4/INFO]: [ViaVersion] Loading 1.15 -> 1.16 mappings...
[11:16:26] [Server thread/INFO]: [ViaBackwards] Loading ViaBackwards v3.2.0
[11:16:26] [Server thread/INFO]: [WorldGuard] Loading WorldGuard v6.1.3-SNAPSHOT;c904242
[11:16:26] [Server thread/INFO]: [LuckPerms] Loading LuckPerms v5.3.21
[11:16:26] [Via-Mappingloader-3/INFO]: [ViaVersion] Loading 1.16 -> 1.16.2 mappings...
[11:16:29] [Server thread/INFO]: [Vault] Loading Vault v1.5.6-b49
[11:16:29] [Server thread/INFO]: [GUIShop] Loading GUIShop v8.5
[11:16:29] [Server thread/INFO]: [ChestCommands] Loading ChestCommands v3.1.4
[11:16:29] [Server thread/INFO]: [Essentials] Loading Essentials v2.18.2.0
[11:16:29] [Server thread/INFO]: [EssentialsChat] Loading EssentialsChat v2.18.2.0
[11:16:29] [Server thread/INFO]: [DiscordSRV] Loading DiscordSRV v1.21.3
[11:16:29] [Server thread/INFO]: [TabList] Loading TabList v5.4.5
[11:16:29] [Server thread/INFO]: [ViaBackwards] Enabling ViaBackwards v3.2.0
[11:16:30] [Server thread/INFO]: [ViaBackwards] Loading translations...
[11:16:30] [Server thread/INFO]: [ViaBackwards] Registering protocols...
[11:16:30] [Via-Mappingloader-0/INFO]: [ViaVersion] Loading 1.13 -> 1.12 mappings...
[11:16:31] [Via-Mappingloader-3/INFO]: [ViaVersion] Loading 1.13.2 -> 1.13 mappings...
[11:16:31] [Via-Mappingloader-3/INFO]: [ViaVersion] Loading 1.14 -> 1.13.2 mappings...
[11:16:31] [Via-Mappingloader-0/INFO]: [ViaVersion] Loading 1.15 -> 1.14 mappings...
[11:16:31] [Via-Mappingloader-0/INFO]: [ViaVersion] Loading 1.16 -> 1.15 mappings...
[11:16:31] [Via-Mappingloader-3/INFO]: [ViaVersion] Loading 1.16.2 -> 1.16 mappings...
[11:16:31] [Server thread/INFO]: [LuckPerms] Enabling LuckPerms v5.3.21
[11:16:34] [Server thread/INFO]: [0;36;1m       [0;36;22m __    [m
[11:16:34] [Server thread/INFO]: [0;36;1m  |    [0;36;22m|__)   [0;32;22mLuckPerms[m [0;36;1mv5.3.21[m
[11:16:34] [Server thread/INFO]: [0;36;1m  |___ [0;36;22m|      [0;30;1mRunning on Bukkit - CraftBukkit[m
[11:16:34] [Server thread/INFO]: [m
[11:16:34] [Server thread/INFO]: [LuckPerms] Loading configuration...
[11:16:38] [Server thread/INFO]: [LuckPerms] Loading storage provider... [H2]
[11:16:41] [Server thread/INFO]: [LuckPerms] Loading internal permission managers...
[11:16:41] [Server thread/INFO]: [LuckPerms] Performing initial data load...
[11:16:42] [Server thread/INFO]: [LuckPerms] Successfully enabled. (took 10312ms)
[11:16:42] [Server thread/INFO]: [Vault] Enabling Vault v1.5.6-b49
[11:16:42] [Server thread/INFO]: [Vault] [Economy] Essentials Economy found: Waiting
[11:16:42] [Server thread/INFO]: [Vault] [Permission] SuperPermissions loaded as backup permission system.
[11:16:42] [Server thread/INFO]: [Vault] Enabled Version 1.5.6-b49
[11:16:42] [Server thread/INFO]: [LuckPerms] Registered Vault permission & chat hook.
[11:16:42] [Server thread/WARN]: **** SERVER IS RUNNING IN OFFLINE/INSECURE MODE!
[11:16:42] [Server thread/WARN]: The server will make no attempt to authenticate usernames. Beware.
[11:16:42] [Server thread/WARN]: Whilst this makes it possible to use BungeeCord, unless access to your server is properly restricted, it also opens up the ability for hackers to connect with any username they choose.
[11:16:42] [Server thread/WARN]: Please see http://www.spigotmc.org/wiki/firewall-guide/ for further information.
[11:16:42] [Server thread/WARN]: To change this, set "online-mode" to "true" in the server.properties file.
[11:16:42] [Server thread/INFO]: **** Beginning UUID conversion, this may take A LONG time ****
[11:16:42] [Server thread/INFO]: Preparing level "world"
[11:16:42] [Server thread/INFO]: -------- World Settings For [world] --------
[11:16:42] [Server thread/INFO]: Nerfing mobs spawned from spawners: false
[11:16:42] [Server thread/INFO]: Item Despawn Rate: 6000
[11:16:42] [Server thread/INFO]: Item Merge Radius: 2.5
[11:16:42] [Server thread/INFO]: Experience Merge Radius: 3.0
[11:16:42] [Server thread/INFO]: Arrow Despawn Rate: 1200
[11:16:42] [Server thread/INFO]: Zombie Aggressive Towards Villager: true
[11:16:42] [Server thread/INFO]: View Distance: 10
[11:16:42] [Server thread/INFO]: Allow Zombie Pigmen to spawn from portal blocks: true
[11:16:42] [Server thread/INFO]: Custom Map Seeds:  Village: 10387312 Feature: 14357617
[11:16:42] [Server thread/INFO]: Cactus Growth Modifier: 100%
[11:16:42] [Server thread/INFO]: Cane Growth Modifier: 100%
[11:16:42] [Server thread/INFO]: Melon Growth Modifier: 100%
[11:16:42] [Server thread/INFO]: Mushroom Growth Modifier: 100%
[11:16:42] [Server thread/INFO]: Pumpkin Growth Modifier: 100%
[11:16:42] [Server thread/INFO]: Sapling Growth Modifier: 100%
[11:16:42] [Server thread/INFO]: Wheat Growth Modifier: 100%
[11:16:42] [Server thread/INFO]: NetherWart Growth Modifier: 100%
[11:16:42] [Server thread/INFO]: Vine Growth Modifier: 100%
[11:16:42] [Server thread/INFO]: Cocoa Growth Modifier: 100%
[11:16:42] [Server thread/INFO]: Mob Spawn Range: 4
[11:16:42] [Server thread/INFO]: Hopper Transfer: 8 Hopper Check: 8 Hopper Amount: 1
[11:16:42] [Server thread/INFO]: Random Lighting Updates: false
[11:16:42] [Server thread/INFO]: Entity Tracking Range: Pl 48 / An 48 / Mo 48 / Mi 32 / Other 64
[11:16:42] [Server thread/INFO]: Structure Info Saving: true
[11:16:42] [Server thread/INFO]: Entity Activation Range: An 32 / Mo 32 / Mi 16
[11:16:42] [Server thread/INFO]: Max TNT Explosions: 100
[11:16:42] [Server thread/INFO]: Tile Max Tick Time: 50ms Entity max Tick Time: 50ms
[11:16:45] [Server thread/INFO]: -------- World Settings For [world_nether] --------
[11:16:45] [Server thread/INFO]: Nerfing mobs spawned from spawners: false
[11:16:45] [Server thread/INFO]: Item Despawn Rate: 6000
[11:16:45] [Server thread/INFO]: Item Merge Radius: 2.5
[11:16:45] [Server thread/INFO]: Experience Merge Radius: 3.0
[11:16:45] [Server thread/INFO]: Arrow Despawn Rate: 1200
[11:16:45] [Server thread/INFO]: Zombie Aggressive Towards Villager: true
[11:16:45] [Server thread/INFO]: View Distance: 10
[11:16:45] [Server thread/INFO]: Allow Zombie Pigmen to spawn from portal blocks: true
[11:16:45] [Server thread/INFO]: Custom Map Seeds:  Village: 10387312 Feature: 14357617
[11:16:45] [Server thread/INFO]: Cactus Growth Modifier: 100%
[11:16:45] [Server thread/INFO]: Cane Growth Modifier: 100%
[11:16:45] [Server thread/INFO]: Melon Growth Modifier: 100%
[11:16:45] [Server thread/INFO]: Mushroom Growth Modifier: 100%
[11:16:45] [Server thread/INFO]: Pumpkin Growth Modifier: 100%
[11:16:45] [Server thread/INFO]: Sapling Growth Modifier: 100%
[11:16:45] [Server thread/INFO]: Wheat Growth Modifier: 100%
[11:16:45] [Server thread/INFO]: NetherWart Growth Modifier: 100%
[11:16:45] [Server thread/INFO]: Vine Growth Modifier: 100%
[11:16:45] [Server thread/INFO]: Cocoa Growth Modifier: 100%
[11:16:45] [Server thread/INFO]: Mob Spawn Range: 4
[11:16:45] [Server thread/INFO]: Hopper Transfer: 8 Hopper Check: 8 Hopper Amount: 1
[11:16:45] [Server thread/INFO]: Random Lighting Updates: false
[11:16:45] [Server thread/INFO]: Entity Tracking Range: Pl 48 / An 48 / Mo 48 / Mi 32 / Other 64
[11:16:45] [Server thread/INFO]: Structure Info Saving: true
[11:16:45] [Server thread/INFO]: Entity Activation Range: An 32 / Mo 32 / Mi 16
[11:16:45] [Server thread/INFO]: Max TNT Explosions: 100
[11:16:45] [Server thread/INFO]: Tile Max Tick Time: 50ms Entity max Tick Time: 50ms
[11:16:46] [Server thread/INFO]: -------- World Settings For [world_the_end] --------
[11:16:46] [Server thread/INFO]: Nerfing mobs spawned from spawners: false
[11:16:46] [Server thread/INFO]: Item Despawn Rate: 6000
[11:16:46] [Server thread/INFO]: Item Merge Radius: 2.5
[11:16:46] [Server thread/INFO]: Experience Merge Radius: 3.0
[11:16:46] [Server thread/INFO]: Arrow Despawn Rate: 1200
[11:16:46] [Server thread/INFO]: Zombie Aggressive Towards Villager: true
[11:16:46] [Server thread/INFO]: View Distance: 10
[11:16:46] [Server thread/INFO]: Allow Zombie Pigmen to spawn from portal blocks: true
[11:16:46] [Server thread/INFO]: Custom Map Seeds:  Village: 10387312 Feature: 14357617
[11:16:46] [Server thread/INFO]: Cactus Growth Modifier: 100%
[11:16:46] [Server thread/INFO]: Cane Growth Modifier: 100%
[11:16:46] [Server thread/INFO]: Melon Growth Modifier: 100%
[11:16:46] [Server thread/INFO]: Mushroom Growth Modifier: 100%
[11:16:46] [Server thread/INFO]: Pumpkin Growth Modifier: 100%
[11:16:46] [Server thread/INFO]: Sapling Growth Modifier: 100%
[11:16:46] [Server thread/INFO]: Wheat Growth Modifier: 100%
[11:16:46] [Server thread/INFO]: NetherWart Growth Modifier: 100%
[11:16:46] [Server thread/INFO]: Vine Growth Modifier: 100%
[11:16:46] [Server thread/INFO]: Cocoa Growth Modifier: 100%
[11:16:46] [Server thread/INFO]: Mob Spawn Range: 4
[11:16:46] [Server thread/INFO]: Hopper Transfer: 8 Hopper Check: 8 Hopper Amount: 1
[11:16:46] [Server thread/INFO]: Random Lighting Updates: false
[11:16:46] [Server thread/INFO]: Entity Tracking Range: Pl 48 / An 48 / Mo 48 / Mi 32 / Other 64
[11:16:46] [Server thread/INFO]: Structure Info Saving: true
[11:16:46] [Server thread/INFO]: Entity Activation Range: An 32 / Mo 32 / Mi 16
[11:16:46] [Server thread/INFO]: Max TNT Explosions: 100
[11:16:46] [Server thread/INFO]: Tile Max Tick Time: 50ms Entity max Tick Time: 50ms
[11:16:46] [Server thread/INFO]: Preparing start region for level 0 (Seed: 2096058270519876538)
[11:16:50] [Server thread/WARN]: Skipping Structure with id EpicTemple [EWG]
[11:16:50] [Server thread/WARN]: Skipping Structure with id EpicTemple [EWG]
[11:16:50] [Server thread/WARN]: Skipping Structure with id EpicTemple [EWG]
[11:16:50] [Server thread/WARN]: Skipping Structure with id EpicTemple [EWG]
[11:16:50] [Server thread/WARN]: Skipping Structure with id EpicTemple [EWG]
[11:16:50] [Server thread/WARN]: Skipping Structure with id EpicTemple [EWG]
[11:16:50] [Server thread/WARN]: Skipping Structure with id EpicTemple [EWG]
[11:16:50] [Server thread/WARN]: Skipping Structure with id EpicTemple [EWG]
[11:16:50] [Server thread/INFO]: Preparing spawn area: 0%
[11:16:51] [Server thread/INFO]: Preparing spawn area: 7%
[11:16:52] [Server thread/INFO]: Preparing spawn area: 20%
[11:16:53] [Server thread/INFO]: Preparing spawn area: 34%
[11:16:54] [Server thread/INFO]: Preparing spawn area: 48%
[11:16:55] [Server thread/INFO]: Preparing spawn area: 55%
[11:16:56] [Server thread/INFO]: Preparing spawn area: 83%
[11:16:57] [Server thread/INFO]: Preparing start region for level 1 (Seed: 8805813941018155089)
[11:16:58] [Server thread/INFO]: Preparing spawn area: 41%
[11:16:59] [Server thread/INFO]: Preparing spawn area: 72%
[11:16:59] [Server thread/INFO]: Preparing start region for level 2 (Seed: 8805813941018155089)
[11:17:00] [Server thread/INFO]: [CratesPlus] Enabling CratesPlus v4.5.3
[11:17:01] [Server thread/INFO]: [0;36;1mCratesPlus Version 4.5.3[m
[11:17:01] [Server thread/INFO]: [0;31;1mYou are using the built in handler for holograms. This will be removed in a future update! It is recommended to install Individual Holograms or HolographicDisplays which CratesPlus will then use to handle holograms.[m
[11:17:01] [Server thread/INFO]: [WorldEdit] Enabling WorldEdit v6.1.9;caf0ad9
[11:17:04] [Server thread/INFO]: WEPIF: Using the Bukkit Permissions API.
[11:17:04] [Server thread/INFO]: [WorldEdit] Using com.sk89q.worldedit.bukkit.adapter.impl.Spigot_v1_11_R1 as the Bukkit adapter
[11:17:04] [Server thread/INFO]: [FirstJoinPlus] Enabling FirstJoinPlus v2.4.1
[11:17:05] [Server thread/INFO]: [Scoreboard-revision] Enabling Scoreboard-revision vR4 1.1 RELEASE
[11:17:05] [Server thread/INFO]: [ClearLag] Enabling ClearLag v3.2.2
[11:17:05] [Server thread/INFO]: [ClearLag] Using version-adapter: LegacyVersionAdapter
[11:17:05] [Server thread/INFO]: [ClearLag] Loading modules...
[11:17:05] [Server thread/INFO]: [ClearLag] Modules enabed, loading config values
[11:17:05] [Server thread/INFO]: [ClearLag] Modules have been loaded!
[11:17:05] [Server thread/INFO]: [ClearLag] Clearlag is now enabled!
[11:17:05] [Server thread/INFO]: [BladeOfInfinity] Enabling BladeOfInfinity v0.0.1
[11:17:05] [Server thread/INFO]: [ViaVersion] Enabling ViaVersion v3.2.1
[11:17:05] [Server thread/INFO]: [WorldGuard] Enabling WorldGuard v6.1.3-SNAPSHOT;c904242
[11:17:05] [Thread-15/INFO]: [ClearLag] Checking for updates compatible with your bukkit version [1.11]...
[11:17:06] [Thread-15/INFO]: [ClearLag] No updates found!
[11:17:06] [Server thread/INFO]: [WorldGuard] (world) TNT ignition is PERMITTED.
[11:17:06] [Server thread/INFO]: [WorldGuard] (world) Lighters are PERMITTED.
[11:17:06] [Server thread/INFO]: [WorldGuard] (world) Lava fire is blocked.
[11:17:06] [Server thread/INFO]: [WorldGuard] (world) Fire spread is UNRESTRICTED.
[11:17:06] [Server thread/INFO]: [WorldGuard] Loaded configuration for world 'world'
[11:17:06] [Server thread/INFO]: [WorldGuard] (world_nether) TNT ignition is PERMITTED.
[11:17:06] [Server thread/INFO]: [WorldGuard] (world_nether) Lighters are PERMITTED.
[11:17:06] [Server thread/INFO]: [WorldGuard] (world_nether) Lava fire is blocked.
[11:17:06] [Server thread/INFO]: [WorldGuard] (world_nether) Fire spread is UNRESTRICTED.
[11:17:06] [Server thread/INFO]: [WorldGuard] Loaded configuration for world 'world_nether'
[11:17:06] [Server thread/INFO]: [WorldGuard] (world_the_end) TNT ignition is PERMITTED.
[11:17:06] [Server thread/INFO]: [WorldGuard] (world_the_end) Lighters are PERMITTED.
[11:17:06] [Server thread/INFO]: [WorldGuard] (world_the_end) Lava fire is blocked.
[11:17:06] [Server thread/INFO]: [WorldGuard] (world_the_end) Fire spread is UNRESTRICTED.
[11:17:06] [Server thread/INFO]: [WorldGuard] Loaded configuration for world 'world_the_end'
[11:17:06] [Server thread/INFO]: [WorldGuard] Loading region data...
[11:17:07] [Server thread/INFO]: [GUIShop] Enabling GUIShop v8.5
[11:17:07] [Server thread/INFO]: [GUIShop] Warming Items...
[11:17:08] [Server thread/ERROR]: Error occurred while enabling GUIShop v8.5 (Is it up to date?)
java.lang.NullPointerException
	at org.bukkit.inventory.ItemStack.<init>(ItemStack.java:68) ~[spigot-1.11.jar:git-Spigot-f950f8e-0a81101]
	at org.bukkit.inventory.ItemStack.<init>(ItemStack.java:46) ~[spigot-1.11.jar:git-Spigot-f950f8e-0a81101]
	at com.pablo67340.guishop.listenable.Shop.loadShop(Shop.java:177) ~[?:?]
	at com.pablo67340.guishop.listenable.Shop.loadItems(Shop.java:161) ~[?:?]
	at com.pablo67340.guishop.listenable.Menu.lambda$itemWarmup$1(Menu.java:48) ~[?:?]
	at java.util.stream.ForEachOps$ForEachOp$OfRef.accept(Unknown Source) ~[?:1.8.0_281]
	at java.util.stream.ReferencePipeline$2$1.accept(Unknown Source) ~[?:1.8.0_281]
	at java.util.Iterator.forEachRemaining(Unknown Source) ~[?:1.8.0_281]
	at java.util.Spliterators$IteratorSpliterator.forEachRemaining(Unknown Source) ~[?:1.8.0_281]
	at java.util.stream.AbstractPipeline.copyInto(Unknown Source) ~[?:1.8.0_281]
	at java.util.stream.AbstractPipeline.wrapAndCopyInto(Unknown Source) ~[?:1.8.0_281]
	at java.util.stream.ForEachOps$ForEachOp.evaluateSequential(Unknown Source) ~[?:1.8.0_281]
	at java.util.stream.ForEachOps$ForEachOp$OfRef.evaluateSequential(Unknown Source) ~[?:1.8.0_281]
	at java.util.stream.AbstractPipeline.evaluate(Unknown Source) ~[?:1.8.0_281]
	at java.util.stream.ReferencePipeline.forEachOrdered(Unknown Source) ~[?:1.8.0_281]
	at com.pablo67340.guishop.listenable.Menu.itemWarmup(Menu.java:46) ~[?:?]
	at com.pablo67340.guishop.Main.loadShopDefs(Main.java:185) ~[?:?]
	at com.pablo67340.guishop.Main.onEnable(Main.java:146) ~[?:?]
	at org.bukkit.plugin.java.JavaPlugin.setEnabled(JavaPlugin.java:271) ~[spigot-1.11.jar:git-Spigot-f950f8e-0a81101]
	at org.bukkit.plugin.java.JavaPluginLoader.enablePlugin(JavaPluginLoader.java:337) [spigot-1.11.jar:git-Spigot-f950f8e-0a81101]
	at org.bukkit.plugin.SimplePluginManager.enablePlugin(SimplePluginManager.java:405) [spigot-1.11.jar:git-Spigot-f950f8e-0a81101]
	at org.bukkit.craftbukkit.v1_11_R1.CraftServer.enablePlugin(CraftServer.java:375) [spigot-1.11.jar:git-Spigot-f950f8e-0a81101]
	at org.bukkit.craftbukkit.v1_11_R1.CraftServer.enablePlugins(CraftServer.java:325) [spigot-1.11.jar:git-Spigot-f950f8e-0a81101]
	at net.minecraft.server.v1_11_R1.MinecraftServer.t(MinecraftServer.java:419) [spigot-1.11.jar:git-Spigot-f950f8e-0a81101]
	at net.minecraft.server.v1_11_R1.MinecraftServer.l(MinecraftServer.java:380) [spigot-1.11.jar:git-Spigot-f950f8e-0a81101]
	at net.minecraft.server.v1_11_R1.MinecraftServer.a(MinecraftServer.java:335) [spigot-1.11.jar:git-Spigot-f950f8e-0a81101]
	at net.minecraft.server.v1_11_R1.DedicatedServer.init(DedicatedServer.java:272) [spigot-1.11.jar:git-Spigot-f950f8e-0a81101]
	at net.minecraft.server.v1_11_R1.MinecraftServer.run(MinecraftServer.java:542) [spigot-1.11.jar:git-Spigot-f950f8e-0a81101]
	at java.lang.Thread.run(Unknown Source) [?:1.8.0_281]
[11:17:08] [Server thread/INFO]: [ChestCommands] Enabling ChestCommands v3.1.4
[11:17:08] [Server thread/INFO]: [Essentials] Enabling Essentials v2.18.2.0
[11:17:08] [Server thread/ERROR]: [Essentials] You are running an unsupported server version!
[11:17:08] [Server thread/INFO]: Attempting to convert old kits in config.yml to new kits.yml
[11:17:08] [Server thread/INFO]: No kits found to migrate.
[11:17:09] [Server thread/INFO]: Loaded 852 items from items.csv.
[11:17:09] [Server thread/INFO]: Using locale fr_FR
[11:17:09] [Server thread/INFO]: [Essentials] ServerListPingEvent: Spigot iterator API
[11:17:09] [Server thread/INFO]: [Essentials] Starting Metrics. Opt-out using the global bStats config.
[11:17:09] [Server thread/INFO]: [Vault][Economy] Essentials Economy hooked.
[11:17:09] [Server thread/INFO]: [Essentials] Using Vault based permissions (LuckPerms)
[11:17:09] [Server thread/INFO]: [EssentialsChat] Enabling EssentialsChat v2.18.2.0
[11:17:09] [Server thread/INFO]: [EssentialsChat] Starting Metrics. Opt-out using the global bStats config.
[11:17:09] [Server thread/INFO]: [DiscordSRV] Enabling DiscordSRV v1.21.3
[11:17:10] [Server thread/INFO]: [TabList] Enabling TabList v5.4.5
[11:17:10] [Server thread/INFO]: [0;33;22m[21m[[0;35;22m[21mTab[0;31;1m[21mList[0;33;22m[21m][0;37;22m[21m >[0;32;1m The plugin successfully enabled[0;33;22m v5.4.5[0;32;1m! (729ms)[m
[11:17:10] [Server thread/INFO]: Server permissions file permissions.yml is empty, ignoring it
[11:17:11] [Server thread/INFO]: Done (29,469s)! For help, type "help" or "?"
[11:17:13] [Thread-17/WARN]: java.io.FileNotFoundException: https://raw.githubusercontent.com/montlikadani/TabList/master/src/main/resources/plugin.yml
[11:17:13] [Thread-17/WARN]: 	at sun.net.www.protocol.http.HttpURLConnection.getInputStream0(Unknown Source)
[11:17:13] [Thread-17/WARN]: 	at sun.net.www.protocol.http.HttpURLConnection.getInputStream(Unknown Source)
[11:17:13] [Thread-17/WARN]: 	at sun.net.www.protocol.https.HttpsURLConnectionImpl.getInputStream(Unknown Source)
[11:17:13] [Thread-17/WARN]: 	at java.net.URL.openStream(Unknown Source)
[11:17:13] [Thread-17/WARN]: 	at hu.montlikadani.tablist.bukkit.utils.UpdateDownloader.lambda$0(UpdateDownloader.java:34)
[11:17:13] [Thread-17/WARN]: 	at java.util.concurrent.CompletableFuture$AsyncSupply.run(Unknown Source)
[11:17:13] [Thread-17/WARN]: 	at java.lang.Thread.run(Unknown Source)
[11:17:14] [Server thread/INFO]: [ViaVersion] ViaVersion detected server version: 1.11(315)
[11:17:17] [Netty Server IO #1/INFO]: [ViaVersion] Using FastUtil Long2ObjectOpenHashMap for block connections
[11:17:17] [Server thread/INFO]: [ViaVersion] Finished mapping loading, shutting down loader executor!
[11:17:18] [Craft Scheduler Thread - 2/INFO]: [Vault] Checking for Updates ... 
[11:17:23] [pool-25-thread-1/WARN]: [DiscordSRV] 

The current build of DiscordSRV is outdated by 218 commits! Get the latest build at your favorite distribution center.

Spigot: https://www.spigotmc.org/resources/discordsrv.18494/
Github: https://github.com/DiscordSRV/DiscordSRV/releases
Direct Download: https://get.discordsrv.com

[11:17:27] [Craft Scheduler Thread - 2/WARN]: [Vault] Stable Version: 1.7.3 is out! You are still running version: 1.5.6
[11:17:27] [Craft Scheduler Thread - 2/WARN]: [Vault] Update at: http://dev.bukkit.org/server-mods/vault
[11:17:30] [DiscordSRV - Initialization/INFO]: [DiscordSRV] [JDA] Login Successful!
[11:17:31] [Craft Scheduler Thread - 2/INFO]: [0;32;1mChecking for updates via Spigot...[m
[11:17:31] [Craft Scheduler Thread - 2/INFO]: [0;37;22m[[0;36;1mCratesPlus[0;37;22m] [mNo update was found, you are running the latest version. Will check again later.[m
[11:17:33] [JDA MainWS-WriteThread/INFO]: [DiscordSRV] [JDA] Connected to WebSocket
[11:17:35] [JDA MainWS-ReadThread/INFO]: [DiscordSRV] [JDA] Finished Loading!
[11:17:35] [DiscordSRV - Initialization/INFO]: [DiscordSRV] Serveur trouvé G:Mallifica | PvP Faction | Farm2Win(812813708379029544)
[11:17:35] [DiscordSRV - Initialization/INFO]: [DiscordSRV] - TC:verification(831934652582330398)
[11:17:35] [DiscordSRV - Initialization/INFO]: [DiscordSRV] - TC:raidprotect-logs(831934548803190795)
[11:17:35] [DiscordSRV - Initialization/INFO]: [DiscordSRV] - TC:?•règlement(831932420344512542)
[11:17:35] [DiscordSRV - Initialization/INFO]: [DiscordSRV] - TC:?•annonces(831933354051502090)
[11:17:35] [DiscordSRV - Initialization/INFO]: [DiscordSRV] - TC:?•événements(831932422164709456)
[11:17:35] [DiscordSRV - Initialization/INFO]: [DiscordSRV] - TC:?•spoil(831932423855145020)
[11:17:35] [DiscordSRV - Initialization/INFO]: [DiscordSRV] - TC:?•partenariats(831932425675997184)
[11:17:35] [DiscordSRV - Initialization/INFO]: [DiscordSRV] - TC:?•serveur-boost(831932428779913216)
[11:17:35] [DiscordSRV - Initialization/INFO]: [DiscordSRV] - TC:?•bienvenue(831932429321240688)
[11:17:35] [DiscordSRV - Initialization/INFO]: [DiscordSRV] - TC:?•général(831932431505948712)
[11:17:35] [DiscordSRV - Initialization/INFO]: [DiscordSRV] - TC:?•suggestions(831932432860708906)
[11:17:35] [DiscordSRV - Initialization/INFO]: [DiscordSRV] - TC:?•bots-commandes(831932436253507597)
[11:17:35] [DiscordSRV - Initialization/INFO]: [DiscordSRV] - TC:?•youtube(831932438166896672)
[11:17:35] [DiscordSRV - Initialization/INFO]: [DiscordSRV] - TC:?•chat-mallifica(831932440351080498)
[11:17:35] [DiscordSRV - Initialization/INFO]: [DiscordSRV] - TC:?•console-chat(831932441169231872)
[11:17:35] [DiscordSRV - Initialization/INFO]: [DiscordSRV] - TC:?•candidature(831932442037714964)
[11:17:35] [DiscordSRV - Initialization/INFO]: [DiscordSRV] - TC:?•sans-micro(831932443153137685)
[11:17:35] [DiscordSRV - Initialization/INFO]: [DiscordSRV] - TC:?•staff-annonce(831932444042068008)
[11:17:35] [DiscordSRV - Initialization/INFO]: [DiscordSRV] - TC:?•staff-général(831932445003612270)
[11:17:35] [DiscordSRV - Initialization/INFO]: [DiscordSRV] - TC:?•protocole-minecraft(831932446722490450)
[11:17:35] [DiscordSRV - Initialization/INFO]: [DiscordSRV] - TC:?•reglement-discord(831932447724797952)
[11:17:35] [DiscordSRV - Initialization/INFO]: [DiscordSRV] - TC:?•log(831932460379799572)
[11:17:35] [DiscordSRV - Initialization/INFO]: [DiscordSRV] - TC:?•sans-micro(831932445837361162)
[11:17:35] [DiscordSRV - Initialization/INFO]: [DiscordSRV] - TC:?•ressources(831932448647806976)
[11:17:35] [DiscordSRV - Initialization/INFO]: [DiscordSRV] - TC:?•admin-général(831932449558757396)
[11:17:35] [DiscordSRV - Initialization/INFO]: [DiscordSRV] - TC:?•logs-admin(831932450443755560)
[11:17:35] [DiscordSRV - Initialization/INFO]: [DiscordSRV] - TC:?•fiche-de-taf-dev(831932451315122226)
[11:17:35] [DiscordSRV - Initialization/INFO]: [DiscordSRV] - TC:?•???-?????????(831932451818307646)
[11:17:35] [DiscordSRV - Initialization/INFO]: [DiscordSRV] - TC:?•transfert-dev(831932453110546492)
[11:17:35] [DiscordSRV - Initialization/INFO]: [DiscordSRV] - TC:?•fiche-de-taf-build(831932453501403217)
[11:17:35] [DiscordSRV - Initialization/INFO]: [DiscordSRV] - TC:?•?????-?????????(831932454843187260)
[11:17:35] [DiscordSRV - Initialization/INFO]: [DiscordSRV] - TC:?•screen(831932455711014973)
[11:17:35] [DiscordSRV - Initialization/INFO]: [DiscordSRV] - TC:?•transfert-build(831932456751071234)
[11:17:35] [DiscordSRV - Initialization/INFO]: [DiscordSRV] - TC:?•modération-général(831932457207988276)
[11:17:35] [DiscordSRV - Initialization/INFO]: [DiscordSRV] - TC:?•transfert-sanction(831932458379247666)
[11:17:35] [DiscordSRV - Initialization/INFO]: [DiscordSRV] Réacheminement de la console affecté au canal TC:?•console-chat(831932441169231872)
[11:17:39] [DiscordSRV - Initialization/INFO]: [DiscordSRV] Not using JDBC, one of host/port/database was default
[11:17:39] [DiscordSRV - Initialization/INFO]: [DiscordSRV] Activation de l'accrochage du plugin Essentials
[11:17:39] [DiscordSRV - Initialization/INFO]: [DiscordSRV] Activation de l'accrochage du plugin LuckPerms
[11:17:39] [DiscordSRV - Initialization/INFO]: [DiscordSRV] Aucun accrochage de plugin activé
[11:18:06] [User Authenticator #1/INFO]: UUID of player Zuygui is 8a850ae1-4b05-3a5f-af07-5968f09bcf04
[11:18:07] [Netty Server IO #2/WARN]: [ViaVersion] Ignoring plugin channel in outgoing REGISTER: WECUI
[11:18:07] [Thread-27/WARN]: java.io.FileNotFoundException: https://raw.githubusercontent.com/montlikadani/TabList/master/src/main/resources/plugin.yml
[11:18:07] [Thread-27/WARN]: 	at sun.net.www.protocol.http.HttpURLConnection.getInputStream0(Unknown Source)
[11:18:07] [Thread-27/WARN]: 	at sun.net.www.protocol.http.HttpURLConnection.getInputStream(Unknown Source)
[11:18:07] [Thread-27/WARN]: 	at sun.net.www.protocol.https.HttpsURLConnectionImpl.getInputStream(Unknown Source)
[11:18:07] [Thread-27/WARN]: 	at java.net.URL.openStream(Unknown Source)
[11:18:07] [Thread-27/WARN]: 	at hu.montlikadani.tablist.bukkit.utils.UpdateDownloader.lambda$0(UpdateDownloader.java:34)
[11:18:07] [Thread-27/WARN]: 	at java.util.concurrent.CompletableFuture$AsyncSupply.run(Unknown Source)
[11:18:07] [Thread-27/WARN]: 	at java.lang.Thread.run(Unknown Source)
[11:18:08] [Server thread/INFO]: Zuygui[/78.211.168.186:63162] logged in with entity id 119 at ([world]-13.22741891163456, 111.98619149926104, 4.241446828509876)
[11:18:12] [Craft Scheduler Thread - 1/ERROR]: [DiscordSRV] Your AvatarUrl does not contain the {username} placeholder even though this server is using offline UUIDs.
[11:18:12] [Craft Scheduler Thread - 1/ERROR]: [DiscordSRV] You should set your AvatarUrl to https://minotar.net/helm/{username}/{size}.png#{texture} to get avatars to work.
[11:18:38] [Server thread/INFO]: Zuygui issued server command: /crate crate emeraude
[11:18:54] [Server thread/WARN]: [CratesPlus] Only 1.8 - 1.9 supports the built in holograms, please use HolographicDisplays or Individual Holograms for holograms to work
[11:19:25] [Server thread/INFO]: Zuygui issued server command: /clear
[11:19:43] [Server thread/INFO]: Zuygui issued server command: /crate crate diamant
[11:20:32] [Server thread/INFO]: Zuygui issued server command: /crate key Zuygui emeraude
[11:20:35] [Server thread/WARN]: [CratesPlus] Task #48 for CratesPlus v4.5.3 generated an exception
java.lang.IllegalArgumentException: bound must be positive
	at java.util.Random.nextInt(Unknown Source) ~[?:1.8.0_281]
	at plus.crates.Opener.BasicGUIOpener.doOpen(BasicGUIOpener.java:61) ~[?:?]
	at plus.crates.Opener.Opener$1.run(Opener.java:38) ~[?:?]
	at org.bukkit.craftbukkit.v1_11_R1.scheduler.CraftTask.run(CraftTask.java:71) ~[spigot-1.11.jar:git-Spigot-f950f8e-0a81101]
	at org.bukkit.craftbukkit.v1_11_R1.scheduler.CraftScheduler.mainThreadHeartbeat(CraftScheduler.java:353) [spigot-1.11.jar:git-Spigot-f950f8e-0a81101]
	at net.minecraft.server.v1_11_R1.MinecraftServer.D(MinecraftServer.java:730) [spigot-1.11.jar:git-Spigot-f950f8e-0a81101]
	at net.minecraft.server.v1_11_R1.DedicatedServer.D(DedicatedServer.java:399) [spigot-1.11.jar:git-Spigot-f950f8e-0a81101]
	at net.minecraft.server.v1_11_R1.MinecraftServer.C(MinecraftServer.java:675) [spigot-1.11.jar:git-Spigot-f950f8e-0a81101]
	at net.minecraft.server.v1_11_R1.MinecraftServer.run(MinecraftServer.java:574) [spigot-1.11.jar:git-Spigot-f950f8e-0a81101]
	at java.lang.Thread.run(Unknown Source) [?:1.8.0_281]
[11:20:36] [Server thread/ERROR]: Could not pass event PlayerInteractEvent to CratesPlus v4.5.3
org.bukkit.event.EventException
	at org.bukkit.plugin.java.JavaPluginLoader$1.execute(JavaPluginLoader.java:306) ~[spigot-1.11.jar:git-Spigot-f950f8e-0a81101]
	at org.bukkit.plugin.RegisteredListener.callEvent(RegisteredListener.java:62) ~[spigot-1.11.jar:git-Spigot-f950f8e-0a81101]
	at org.bukkit.plugin.SimplePluginManager.fireEvent(SimplePluginManager.java:502) [spigot-1.11.jar:git-Spigot-f950f8e-0a81101]
	at org.bukkit.plugin.SimplePluginManager.callEvent(SimplePluginManager.java:487) [spigot-1.11.jar:git-Spigot-f950f8e-0a81101]
	at org.bukkit.craftbukkit.v1_11_R1.event.CraftEventFactory.callPlayerInteractEvent(CraftEventFactory.java:232) [spigot-1.11.jar:git-Spigot-f950f8e-0a81101]
	at net.minecraft.server.v1_11_R1.PlayerInteractManager.a(PlayerInteractManager.java:444) [spigot-1.11.jar:git-Spigot-f950f8e-0a81101]
	at net.minecraft.server.v1_11_R1.PlayerConnection.a(PlayerConnection.java:897) [spigot-1.11.jar:git-Spigot-f950f8e-0a81101]
	at net.minecraft.server.v1_11_R1.PacketPlayInUseItem.a(PacketPlayInUseItem.java:37) [spigot-1.11.jar:git-Spigot-f950f8e-0a81101]
	at net.minecraft.server.v1_11_R1.PacketPlayInUseItem.a(PacketPlayInUseItem.java:1) [spigot-1.11.jar:git-Spigot-f950f8e-0a81101]
	at net.minecraft.server.v1_11_R1.PlayerConnectionUtils$1.run(SourceFile:13) [spigot-1.11.jar:git-Spigot-f950f8e-0a81101]
	at java.util.concurrent.Executors$RunnableAdapter.call(Unknown Source) [?:1.8.0_281]
	at java.util.concurrent.FutureTask.run(Unknown Source) [?:1.8.0_281]
	at net.minecraft.server.v1_11_R1.SystemUtils.a(SourceFile:46) [spigot-1.11.jar:git-Spigot-f950f8e-0a81101]
	at net.minecraft.server.v1_11_R1.MinecraftServer.D(MinecraftServer.java:739) [spigot-1.11.jar:git-Spigot-f950f8e-0a81101]
	at net.minecraft.server.v1_11_R1.DedicatedServer.D(DedicatedServer.java:399) [spigot-1.11.jar:git-Spigot-f950f8e-0a81101]
	at net.minecraft.server.v1_11_R1.MinecraftServer.C(MinecraftServer.java:675) [spigot-1.11.jar:git-Spigot-f950f8e-0a81101]
	at net.minecraft.server.v1_11_R1.MinecraftServer.run(MinecraftServer.java:574) [spigot-1.11.jar:git-Spigot-f950f8e-0a81101]
	at java.lang.Thread.run(Unknown Source) [?:1.8.0_281]
Caused by: java.lang.NullPointerException
	at org.bukkit.craftbukkit.v1_11_R1.entity.CraftHumanEntity.openInventory(CraftHumanEntity.java:185) ~[spigot-1.11.jar:git-Spigot-f950f8e-0a81101]
	at plus.crates.Opener.BasicGUIOpener.doReopen(BasicGUIOpener.java:141) ~[?:?]
	at plus.crates.Listeners.PlayerInteract.onPlayerInteract(PlayerInteract.java:80) ~[?:?]
	at sun.reflect.GeneratedMethodAccessor26.invoke(Unknown Source) ~[?:?]
	at sun.reflect.DelegatingMethodAccessorImpl.invoke(Unknown Source) ~[?:1.8.0_281]
	at java.lang.reflect.Method.invoke(Unknown Source) ~[?:1.8.0_281]
	at org.bukkit.plugin.java.JavaPluginLoader$1.execute(JavaPluginLoader.java:302) ~[spigot-1.11.jar:git-Spigot-f950f8e-0a81101]
	... 17 more
[11:20:51] [Server thread/ERROR]: Could not pass event PlayerInteractEvent to CratesPlus v4.5.3
org.bukkit.event.EventException
	at org.bukkit.plugin.java.JavaPluginLoader$1.execute(JavaPluginLoader.java:306) ~[spigot-1.11.jar:git-Spigot-f950f8e-0a81101]
	at org.bukkit.plugin.RegisteredListener.callEvent(RegisteredListener.java:62) ~[spigot-1.11.jar:git-Spigot-f950f8e-0a81101]
	at org.bukkit.plugin.SimplePluginManager.fireEvent(SimplePluginManager.java:502) [spigot-1.11.jar:git-Spigot-f950f8e-0a81101]
	at org.bukkit.plugin.SimplePluginManager.callEvent(SimplePluginManager.java:487) [spigot-1.11.jar:git-Spigot-f950f8e-0a81101]
	at org.bukkit.craftbukkit.v1_11_R1.event.CraftEventFactory.callPlayerInteractEvent(CraftEventFactory.java:232) [spigot-1.11.jar:git-Spigot-f950f8e-0a81101]
	at net.minecraft.server.v1_11_R1.PlayerInteractManager.a(PlayerInteractManager.java:444) [spigot-1.11.jar:git-Spigot-f950f8e-0a81101]
	at net.minecraft.server.v1_11_R1.PlayerConnection.a(PlayerConnection.java:897) [spigot-1.11.jar:git-Spigot-f950f8e-0a81101]
	at net.minecraft.server.v1_11_R1.PacketPlayInUseItem.a(PacketPlayInUseItem.java:37) [spigot-1.11.jar:git-Spigot-f950f8e-0a81101]
	at net.minecraft.server.v1_11_R1.PacketPlayInUseItem.a(PacketPlayInUseItem.java:1) [spigot-1.11.jar:git-Spigot-f950f8e-0a81101]
	at net.minecraft.server.v1_11_R1.PlayerConnectionUtils$1.run(SourceFile:13) [spigot-1.11.jar:git-Spigot-f950f8e-0a81101]
	at java.util.concurrent.Executors$RunnableAdapter.call(Unknown Source) [?:1.8.0_281]
	at java.util.concurrent.FutureTask.run(Unknown Source) [?:1.8.0_281]
	at net.minecraft.server.v1_11_R1.SystemUtils.a(SourceFile:46) [spigot-1.11.jar:git-Spigot-f950f8e-0a81101]
	at net.minecraft.server.v1_11_R1.MinecraftServer.D(MinecraftServer.java:739) [spigot-1.11.jar:git-Spigot-f950f8e-0a81101]
	at net.minecraft.server.v1_11_R1.DedicatedServer.D(DedicatedServer.java:399) [spigot-1.11.jar:git-Spigot-f950f8e-0a81101]
	at net.minecraft.server.v1_11_R1.MinecraftServer.C(MinecraftServer.java:675) [spigot-1.11.jar:git-Spigot-f950f8e-0a81101]
	at net.minecraft.server.v1_11_R1.MinecraftServer.run(MinecraftServer.java:574) [spigot-1.11.jar:git-Spigot-f950f8e-0a81101]
	at java.lang.Thread.run(Unknown Source) [?:1.8.0_281]
Caused by: java.lang.NullPointerException
	at org.bukkit.craftbukkit.v1_11_R1.entity.CraftHumanEntity.openInventory(CraftHumanEntity.java:185) ~[spigot-1.11.jar:git-Spigot-f950f8e-0a81101]
	at plus.crates.Opener.BasicGUIOpener.doReopen(BasicGUIOpener.java:141) ~[?:?]
	at plus.crates.Listeners.PlayerInteract.onPlayerInteract(PlayerInteract.java:80) ~[?:?]
	at sun.reflect.GeneratedMethodAccessor26.invoke(Unknown Source) ~[?:?]
	at sun.reflect.DelegatingMethodAccessorImpl.invoke(Unknown Source) ~[?:1.8.0_281]
	at java.lang.reflect.Method.invoke(Unknown Source) ~[?:1.8.0_281]
	at org.bukkit.plugin.java.JavaPluginLoader$1.execute(JavaPluginLoader.java:302) ~[spigot-1.11.jar:git-Spigot-f950f8e-0a81101]
	... 17 more
[11:21:23] [Server thread/INFO]: Zuygui issued server command: /clear
[11:21:32] [Server thread/INFO]: Zuygui issued server command: /crate or
[11:21:40] [Server thread/INFO]: Zuygui issued server command: /crate crate Zuygui or
[11:21:49] [Server thread/INFO]: Zuygui issued server command: /crate crate Zuygui or
[11:22:11] [Server thread/INFO]: Zuygui issued server command: /crate crate or Zuygui
[11:22:37] [Server thread/ERROR]: Could not pass event PlayerInteractEvent to CratesPlus v4.5.3
org.bukkit.event.EventException
	at org.bukkit.plugin.java.JavaPluginLoader$1.execute(JavaPluginLoader.java:306) ~[spigot-1.11.jar:git-Spigot-f950f8e-0a81101]
	at org.bukkit.plugin.RegisteredListener.callEvent(RegisteredListener.java:62) ~[spigot-1.11.jar:git-Spigot-f950f8e-0a81101]
	at org.bukkit.plugin.SimplePluginManager.fireEvent(SimplePluginManager.java:502) [spigot-1.11.jar:git-Spigot-f950f8e-0a81101]
	at org.bukkit.plugin.SimplePluginManager.callEvent(SimplePluginManager.java:487) [spigot-1.11.jar:git-Spigot-f950f8e-0a81101]
	at org.bukkit.craftbukkit.v1_11_R1.event.CraftEventFactory.callPlayerInteractEvent(CraftEventFactory.java:232) [spigot-1.11.jar:git-Spigot-f950f8e-0a81101]
	at net.minecraft.server.v1_11_R1.PlayerInteractManager.a(PlayerInteractManager.java:444) [spigot-1.11.jar:git-Spigot-f950f8e-0a81101]
	at net.minecraft.server.v1_11_R1.PlayerConnection.a(PlayerConnection.java:897) [spigot-1.11.jar:git-Spigot-f950f8e-0a81101]
	at net.minecraft.server.v1_11_R1.PacketPlayInUseItem.a(PacketPlayInUseItem.java:37) [spigot-1.11.jar:git-Spigot-f950f8e-0a81101]
	at net.minecraft.server.v1_11_R1.PacketPlayInUseItem.a(PacketPlayInUseItem.java:1) [spigot-1.11.jar:git-Spigot-f950f8e-0a81101]
	at net.minecraft.server.v1_11_R1.PlayerConnectionUtils$1.run(SourceFile:13) [spigot-1.11.jar:git-Spigot-f950f8e-0a81101]
	at java.util.concurrent.Executors$RunnableAdapter.call(Unknown Source) [?:1.8.0_281]
	at java.util.concurrent.FutureTask.run(Unknown Source) [?:1.8.0_281]
	at net.minecraft.server.v1_11_R1.SystemUtils.a(SourceFile:46) [spigot-1.11.jar:git-Spigot-f950f8e-0a81101]
	at net.minecraft.server.v1_11_R1.MinecraftServer.D(MinecraftServer.java:739) [spigot-1.11.jar:git-Spigot-f950f8e-0a81101]
	at net.minecraft.server.v1_11_R1.DedicatedServer.D(DedicatedServer.java:399) [spigot-1.11.jar:git-Spigot-f950f8e-0a81101]
	at net.minecraft.server.v1_11_R1.MinecraftServer.C(MinecraftServer.java:675) [spigot-1.11.jar:git-Spigot-f950f8e-0a81101]
	at net.minecraft.server.v1_11_R1.MinecraftServer.run(MinecraftServer.java:574) [spigot-1.11.jar:git-Spigot-f950f8e-0a81101]
	at java.lang.Thread.run(Unknown Source) [?:1.8.0_281]
Caused by: java.lang.NullPointerException
	at org.bukkit.craftbukkit.v1_11_R1.entity.CraftHumanEntity.openInventory(CraftHumanEntity.java:185) ~[spigot-1.11.jar:git-Spigot-f950f8e-0a81101]
	at plus.crates.Opener.BasicGUIOpener.doReopen(BasicGUIOpener.java:141) ~[?:?]
	at plus.crates.Listeners.PlayerInteract.onPlayerInteract(PlayerInteract.java:80) ~[?:?]
	at sun.reflect.GeneratedMethodAccessor26.invoke(Unknown Source) ~[?:?]
	at sun.reflect.DelegatingMethodAccessorImpl.invoke(Unknown Source) ~[?:1.8.0_281]
	at java.lang.reflect.Method.invoke(Unknown Source) ~[?:1.8.0_281]
	at org.bukkit.plugin.java.JavaPluginLoader$1.execute(JavaPluginLoader.java:302) ~[spigot-1.11.jar:git-Spigot-f950f8e-0a81101]
	... 17 more
[11:23:05] [Server thread/INFO]: Zuygui issued server command: /crate crate fer Zuygui
[11:23:07] [Server thread/ERROR]: Could not pass event PlayerInteractEvent to CratesPlus v4.5.3
org.bukkit.event.EventException
	at org.bukkit.plugin.java.JavaPluginLoader$1.execute(JavaPluginLoader.java:306) ~[spigot-1.11.jar:git-Spigot-f950f8e-0a81101]
	at org.bukkit.plugin.RegisteredListener.callEvent(RegisteredListener.java:62) ~[spigot-1.11.jar:git-Spigot-f950f8e-0a81101]
	at org.bukkit.plugin.SimplePluginManager.fireEvent(SimplePluginManager.java:502) [spigot-1.11.jar:git-Spigot-f950f8e-0a81101]
	at org.bukkit.plugin.SimplePluginManager.callEvent(SimplePluginManager.java:487) [spigot-1.11.jar:git-Spigot-f950f8e-0a81101]
	at org.bukkit.craftbukkit.v1_11_R1.event.CraftEventFactory.callPlayerInteractEvent(CraftEventFactory.java:232) [spigot-1.11.jar:git-Spigot-f950f8e-0a81101]
	at net.minecraft.server.v1_11_R1.PlayerInteractManager.a(PlayerInteractManager.java:444) [spigot-1.11.jar:git-Spigot-f950f8e-0a81101]
	at net.minecraft.server.v1_11_R1.PlayerConnection.a(PlayerConnection.java:897) [spigot-1.11.jar:git-Spigot-f950f8e-0a81101]
	at net.minecraft.server.v1_11_R1.PacketPlayInUseItem.a(PacketPlayInUseItem.java:37) [spigot-1.11.jar:git-Spigot-f950f8e-0a81101]
	at net.minecraft.server.v1_11_R1.PacketPlayInUseItem.a(PacketPlayInUseItem.java:1) [spigot-1.11.jar:git-Spigot-f950f8e-0a81101]
	at net.minecraft.server.v1_11_R1.PlayerConnectionUtils$1.run(SourceFile:13) [spigot-1.11.jar:git-Spigot-f950f8e-0a81101]
	at java.util.concurrent.Executors$RunnableAdapter.call(Unknown Source) [?:1.8.0_281]
	at java.util.concurrent.FutureTask.run(Unknown Source) [?:1.8.0_281]
	at net.minecraft.server.v1_11_R1.SystemUtils.a(SourceFile:46) [spigot-1.11.jar:git-Spigot-f950f8e-0a81101]
	at net.minecraft.server.v1_11_R1.MinecraftServer.D(MinecraftServer.java:739) [spigot-1.11.jar:git-Spigot-f950f8e-0a81101]
	at net.minecraft.server.v1_11_R1.DedicatedServer.D(DedicatedServer.java:399) [spigot-1.11.jar:git-Spigot-f950f8e-0a81101]
	at net.minecraft.server.v1_11_R1.MinecraftServer.C(MinecraftServer.java:675) [spigot-1.11.jar:git-Spigot-f950f8e-0a81101]
	at net.minecraft.server.v1_11_R1.MinecraftServer.run(MinecraftServer.java:574) [spigot-1.11.jar:git-Spigot-f950f8e-0a81101]
	at java.lang.Thread.run(Unknown Source) [?:1.8.0_281]
Caused by: java.lang.NullPointerException
	at org.bukkit.craftbukkit.v1_11_R1.entity.CraftHumanEntity.openInventory(CraftHumanEntity.java:185) ~[spigot-1.11.jar:git-Spigot-f950f8e-0a81101]
	at plus.crates.Opener.BasicGUIOpener.doReopen(BasicGUIOpener.java:141) ~[?:?]
	at plus.crates.Listeners.PlayerInteract.onPlayerInteract(PlayerInteract.java:80) ~[?:?]
	at sun.reflect.GeneratedMethodAccessor26.invoke(Unknown Source) ~[?:?]
	at sun.reflect.DelegatingMethodAccessorImpl.invoke(Unknown Source) ~[?:1.8.0_281]
	at java.lang.reflect.Method.invoke(Unknown Source) ~[?:1.8.0_281]
	at org.bukkit.plugin.java.JavaPluginLoader$1.execute(JavaPluginLoader.java:302) ~[spigot-1.11.jar:git-Spigot-f950f8e-0a81101]
	... 17 more
[11:23:23] [Server thread/ERROR]: Could not pass event PlayerInteractEvent to CratesPlus v4.5.3
org.bukkit.event.EventException
	at org.bukkit.plugin.java.JavaPluginLoader$1.execute(JavaPluginLoader.java:306) ~[spigot-1.11.jar:git-Spigot-f950f8e-0a81101]
	at org.bukkit.plugin.RegisteredListener.callEvent(RegisteredListener.java:62) ~[spigot-1.11.jar:git-Spigot-f950f8e-0a81101]
	at org.bukkit.plugin.SimplePluginManager.fireEvent(SimplePluginManager.java:502) [spigot-1.11.jar:git-Spigot-f950f8e-0a81101]
	at org.bukkit.plugin.SimplePluginManager.callEvent(SimplePluginManager.java:487) [spigot-1.11.jar:git-Spigot-f950f8e-0a81101]
	at org.bukkit.craftbukkit.v1_11_R1.event.CraftEventFactory.callPlayerInteractEvent(CraftEventFactory.java:232) [spigot-1.11.jar:git-Spigot-f950f8e-0a81101]
	at net.minecraft.server.v1_11_R1.PlayerInteractManager.a(PlayerInteractManager.java:444) [spigot-1.11.jar:git-Spigot-f950f8e-0a81101]
	at net.minecraft.server.v1_11_R1.PlayerConnection.a(PlayerConnection.java:897) [spigot-1.11.jar:git-Spigot-f950f8e-0a81101]
	at net.minecraft.server.v1_11_R1.PacketPlayInUseItem.a(PacketPlayInUseItem.java:37) [spigot-1.11.jar:git-Spigot-f950f8e-0a81101]
	at net.minecraft.server.v1_11_R1.PacketPlayInUseItem.a(PacketPlayInUseItem.java:1) [spigot-1.11.jar:git-Spigot-f950f8e-0a81101]
	at net.minecraft.server.v1_11_R1.PlayerConnectionUtils$1.run(SourceFile:13) [spigot-1.11.jar:git-Spigot-f950f8e-0a81101]
	at java.util.concurrent.Executors$RunnableAdapter.call(Unknown Source) [?:1.8.0_281]
	at java.util.concurrent.FutureTask.run(Unknown Source) [?:1.8.0_281]
	at net.minecraft.server.v1_11_R1.SystemUtils.a(SourceFile:46) [spigot-1.11.jar:git-Spigot-f950f8e-0a81101]
	at net.minecraft.server.v1_11_R1.MinecraftServer.D(MinecraftServer.java:739) [spigot-1.11.jar:git-Spigot-f950f8e-0a81101]
	at net.minecraft.server.v1_11_R1.DedicatedServer.D(DedicatedServer.java:399) [spigot-1.11.jar:git-Spigot-f950f8e-0a81101]
	at net.minecraft.server.v1_11_R1.MinecraftServer.C(MinecraftServer.java:675) [spigot-1.11.jar:git-Spigot-f950f8e-0a81101]
	at net.minecraft.server.v1_11_R1.MinecraftServer.run(MinecraftServer.java:574) [spigot-1.11.jar:git-Spigot-f950f8e-0a81101]
	at java.lang.Thread.run(Unknown Source) [?:1.8.0_281]
Caused by: java.lang.NullPointerException
	at org.bukkit.craftbukkit.v1_11_R1.entity.CraftHumanEntity.openInventory(CraftHumanEntity.java:185) ~[spigot-1.11.jar:git-Spigot-f950f8e-0a81101]
	at plus.crates.Opener.BasicGUIOpener.doReopen(BasicGUIOpener.java:141) ~[?:?]
	at plus.crates.Listeners.PlayerInteract.onPlayerInteract(PlayerInteract.java:80) ~[?:?]
	at sun.reflect.GeneratedMethodAccessor26.invoke(Unknown Source) ~[?:?]
	at sun.reflect.DelegatingMethodAccessorImpl.invoke(Unknown Source) ~[?:1.8.0_281]
	at java.lang.reflect.Method.invoke(Unknown Source) ~[?:1.8.0_281]
	at org.bukkit.plugin.java.JavaPluginLoader$1.execute(JavaPluginLoader.java:302) ~[spigot-1.11.jar:git-Spigot-f950f8e-0a81101]
	... 17 more
[11:24:12] [Server thread/WARN]: Zuygui moved too quickly! 6.986745132761662,13.68750054598108,26.748281242209487
[11:24:24] [Server thread/INFO]: Zuygui issued server command: /crate crate vote Zuygui
[11:26:04] [Server thread/ERROR]: Could not pass event PlayerInteractEvent to CratesPlus v4.5.3
org.bukkit.event.EventException
	at org.bukkit.plugin.java.JavaPluginLoader$1.execute(JavaPluginLoader.java:306) ~[spigot-1.11.jar:git-Spigot-f950f8e-0a81101]
	at org.bukkit.plugin.RegisteredListener.callEvent(RegisteredListener.java:62) ~[spigot-1.11.jar:git-Spigot-f950f8e-0a81101]
	at org.bukkit.plugin.SimplePluginManager.fireEvent(SimplePluginManager.java:502) [spigot-1.11.jar:git-Spigot-f950f8e-0a81101]
	at org.bukkit.plugin.SimplePluginManager.callEvent(SimplePluginManager.java:487) [spigot-1.11.jar:git-Spigot-f950f8e-0a81101]
	at org.bukkit.craftbukkit.v1_11_R1.event.CraftEventFactory.callPlayerInteractEvent(CraftEventFactory.java:232) [spigot-1.11.jar:git-Spigot-f950f8e-0a81101]
	at net.minecraft.server.v1_11_R1.PlayerInteractManager.a(PlayerInteractManager.java:444) [spigot-1.11.jar:git-Spigot-f950f8e-0a81101]
	at net.minecraft.server.v1_11_R1.PlayerConnection.a(PlayerConnection.java:897) [spigot-1.11.jar:git-Spigot-f950f8e-0a81101]
	at net.minecraft.server.v1_11_R1.PacketPlayInUseItem.a(PacketPlayInUseItem.java:37) [spigot-1.11.jar:git-Spigot-f950f8e-0a81101]
	at net.minecraft.server.v1_11_R1.PacketPlayInUseItem.a(PacketPlayInUseItem.java:1) [spigot-1.11.jar:git-Spigot-f950f8e-0a81101]
	at net.minecraft.server.v1_11_R1.PlayerConnectionUtils$1.run(SourceFile:13) [spigot-1.11.jar:git-Spigot-f950f8e-0a81101]
	at java.util.concurrent.Executors$RunnableAdapter.call(Unknown Source) [?:1.8.0_281]
	at java.util.concurrent.FutureTask.run(Unknown Source) [?:1.8.0_281]
	at net.minecraft.server.v1_11_R1.SystemUtils.a(SourceFile:46) [spigot-1.11.jar:git-Spigot-f950f8e-0a81101]
	at net.minecraft.server.v1_11_R1.MinecraftServer.D(MinecraftServer.java:739) [spigot-1.11.jar:git-Spigot-f950f8e-0a81101]
	at net.minecraft.server.v1_11_R1.DedicatedServer.D(DedicatedServer.java:399) [spigot-1.11.jar:git-Spigot-f950f8e-0a81101]
	at net.minecraft.server.v1_11_R1.MinecraftServer.C(MinecraftServer.java:675) [spigot-1.11.jar:git-Spigot-f950f8e-0a81101]
	at net.minecraft.server.v1_11_R1.MinecraftServer.run(MinecraftServer.java:574) [spigot-1.11.jar:git-Spigot-f950f8e-0a81101]
	at java.lang.Thread.run(Unknown Source) [?:1.8.0_281]
Caused by: java.lang.NullPointerException
	at org.bukkit.craftbukkit.v1_11_R1.entity.CraftHumanEntity.openInventory(CraftHumanEntity.java:185) ~[spigot-1.11.jar:git-Spigot-f950f8e-0a81101]
	at plus.crates.Opener.BasicGUIOpener.doReopen(BasicGUIOpener.java:141) ~[?:?]
	at plus.crates.Listeners.PlayerInteract.onPlayerInteract(PlayerInteract.java:80) ~[?:?]
	at sun.reflect.GeneratedMethodAccessor26.invoke(Unknown Source) ~[?:?]
	at sun.reflect.DelegatingMethodAccessorImpl.invoke(Unknown Source) ~[?:1.8.0_281]
	at java.lang.reflect.Method.invoke(Unknown Source) ~[?:1.8.0_281]
	at org.bukkit.plugin.java.JavaPluginLoader$1.execute(JavaPluginLoader.java:302) ~[spigot-1.11.jar:git-Spigot-f950f8e-0a81101]
	... 17 more
[11:26:23] [Server thread/ERROR]: Could not pass event PlayerInteractEvent to CratesPlus v4.5.3
org.bukkit.event.EventException
	at org.bukkit.plugin.java.JavaPluginLoader$1.execute(JavaPluginLoader.java:306) ~[spigot-1.11.jar:git-Spigot-f950f8e-0a81101]
	at org.bukkit.plugin.RegisteredListener.callEvent(RegisteredListener.java:62) ~[spigot-1.11.jar:git-Spigot-f950f8e-0a81101]
	at org.bukkit.plugin.SimplePluginManager.fireEvent(SimplePluginManager.java:502) [spigot-1.11.jar:git-Spigot-f950f8e-0a81101]
	at org.bukkit.plugin.SimplePluginManager.callEvent(SimplePluginManager.java:487) [spigot-1.11.jar:git-Spigot-f950f8e-0a81101]
	at org.bukkit.craftbukkit.v1_11_R1.event.CraftEventFactory.callPlayerInteractEvent(CraftEventFactory.java:232) [spigot-1.11.jar:git-Spigot-f950f8e-0a81101]
	at net.minecraft.server.v1_11_R1.PlayerInteractManager.a(PlayerInteractManager.java:444) [spigot-1.11.jar:git-Spigot-f950f8e-0a81101]
	at net.minecraft.server.v1_11_R1.PlayerConnection.a(PlayerConnection.java:897) [spigot-1.11.jar:git-Spigot-f950f8e-0a81101]
	at net.minecraft.server.v1_11_R1.PacketPlayInUseItem.a(PacketPlayInUseItem.java:37) [spigot-1.11.jar:git-Spigot-f950f8e-0a81101]
	at net.minecraft.server.v1_11_R1.PacketPlayInUseItem.a(PacketPlayInUseItem.java:1) [spigot-1.11.jar:git-Spigot-f950f8e-0a81101]
	at net.minecraft.server.v1_11_R1.PlayerConnectionUtils$1.run(SourceFile:13) [spigot-1.11.jar:git-Spigot-f950f8e-0a81101]
	at java.util.concurrent.Executors$RunnableAdapter.call(Unknown Source) [?:1.8.0_281]
	at java.util.concurrent.FutureTask.run(Unknown Source) [?:1.8.0_281]
	at net.minecraft.server.v1_11_R1.SystemUtils.a(SourceFile:46) [spigot-1.11.jar:git-Spigot-f950f8e-0a81101]
	at net.minecraft.server.v1_11_R1.MinecraftServer.D(MinecraftServer.java:739) [spigot-1.11.jar:git-Spigot-f950f8e-0a81101]
	at net.minecraft.server.v1_11_R1.DedicatedServer.D(DedicatedServer.java:399) [spigot-1.11.jar:git-Spigot-f950f8e-0a81101]
	at net.minecraft.server.v1_11_R1.MinecraftServer.C(MinecraftServer.java:675) [spigot-1.11.jar:git-Spigot-f950f8e-0a81101]
	at net.minecraft.server.v1_11_R1.MinecraftServer.run(MinecraftServer.java:574) [spigot-1.11.jar:git-Spigot-f950f8e-0a81101]
	at java.lang.Thread.run(Unknown Source) [?:1.8.0_281]
Caused by: java.lang.NullPointerException
	at org.bukkit.craftbukkit.v1_11_R1.entity.CraftHumanEntity.openInventory(CraftHumanEntity.java:185) ~[spigot-1.11.jar:git-Spigot-f950f8e-0a81101]
	at plus.crates.Opener.BasicGUIOpener.doReopen(BasicGUIOpener.java:141) ~[?:?]
	at plus.crates.Listeners.PlayerInteract.onPlayerInteract(PlayerInteract.java:80) ~[?:?]
	at sun.reflect.GeneratedMethodAccessor26.invoke(Unknown Source) ~[?:?]
	at sun.reflect.DelegatingMethodAccessorImpl.invoke(Unknown Source) ~[?:1.8.0_281]
	at java.lang.reflect.Method.invoke(Unknown Source) ~[?:1.8.0_281]
	at org.bukkit.plugin.java.JavaPluginLoader$1.execute(JavaPluginLoader.java:302) ~[spigot-1.11.jar:git-Spigot-f950f8e-0a81101]
	... 17 more
[11:27:24] [Server thread/ERROR]: Could not pass event PlayerInteractEvent to CratesPlus v4.5.3
org.bukkit.event.EventException
	at org.bukkit.plugin.java.JavaPluginLoader$1.execute(JavaPluginLoader.java:306) ~[spigot-1.11.jar:git-Spigot-f950f8e-0a81101]
	at org.bukkit.plugin.RegisteredListener.callEvent(RegisteredListener.java:62) ~[spigot-1.11.jar:git-Spigot-f950f8e-0a81101]
	at org.bukkit.plugin.SimplePluginManager.fireEvent(SimplePluginManager.java:502) [spigot-1.11.jar:git-Spigot-f950f8e-0a81101]
	at org.bukkit.plugin.SimplePluginManager.callEvent(SimplePluginManager.java:487) [spigot-1.11.jar:git-Spigot-f950f8e-0a81101]
	at org.bukkit.craftbukkit.v1_11_R1.event.CraftEventFactory.callPlayerInteractEvent(CraftEventFactory.java:232) [spigot-1.11.jar:git-Spigot-f950f8e-0a81101]
	at net.minecraft.server.v1_11_R1.PlayerInteractManager.a(PlayerInteractManager.java:444) [spigot-1.11.jar:git-Spigot-f950f8e-0a81101]
	at net.minecraft.server.v1_11_R1.PlayerConnection.a(PlayerConnection.java:897) [spigot-1.11.jar:git-Spigot-f950f8e-0a81101]
	at net.minecraft.server.v1_11_R1.PacketPlayInUseItem.a(PacketPlayInUseItem.java:37) [spigot-1.11.jar:git-Spigot-f950f8e-0a81101]
	at net.minecraft.server.v1_11_R1.PacketPlayInUseItem.a(PacketPlayInUseItem.java:1) [spigot-1.11.jar:git-Spigot-f950f8e-0a81101]
	at net.minecraft.server.v1_11_R1.PlayerConnectionUtils$1.run(SourceFile:13) [spigot-1.11.jar:git-Spigot-f950f8e-0a81101]
	at java.util.concurrent.Executors$RunnableAdapter.call(Unknown Source) [?:1.8.0_281]
	at java.util.concurrent.FutureTask.run(Unknown Source) [?:1.8.0_281]
	at net.minecraft.server.v1_11_R1.SystemUtils.a(SourceFile:46) [spigot-1.11.jar:git-Spigot-f950f8e-0a81101]
	at net.minecraft.server.v1_11_R1.MinecraftServer.D(MinecraftServer.java:739) [spigot-1.11.jar:git-Spigot-f950f8e-0a81101]
	at net.minecraft.server.v1_11_R1.DedicatedServer.D(DedicatedServer.java:399) [spigot-1.11.jar:git-Spigot-f950f8e-0a81101]
	at net.minecraft.server.v1_11_R1.MinecraftServer.C(MinecraftServer.java:675) [spigot-1.11.jar:git-Spigot-f950f8e-0a81101]
	at net.minecraft.server.v1_11_R1.MinecraftServer.run(MinecraftServer.java:574) [spigot-1.11.jar:git-Spigot-f950f8e-0a81101]
	at java.lang.Thread.run(Unknown Source) [?:1.8.0_281]
Caused by: java.lang.NullPointerException
	at org.bukkit.craftbukkit.v1_11_R1.entity.CraftHumanEntity.openInventory(CraftHumanEntity.java:185) ~[spigot-1.11.jar:git-Spigot-f950f8e-0a81101]
	at plus.crates.Opener.BasicGUIOpener.doReopen(BasicGUIOpener.java:141) ~[?:?]
	at plus.crates.Listeners.PlayerInteract.onPlayerInteract(PlayerInteract.java:80) ~[?:?]
	at sun.reflect.GeneratedMethodAccessor26.invoke(Unknown Source) ~[?:?]
	at sun.reflect.DelegatingMethodAccessorImpl.invoke(Unknown Source) ~[?:1.8.0_281]
	at java.lang.reflect.Method.invoke(Unknown Source) ~[?:1.8.0_281]
	at org.bukkit.plugin.java.JavaPluginLoader$1.execute(JavaPluginLoader.java:302) ~[spigot-1.11.jar:git-Spigot-f950f8e-0a81101]
	... 17 more
[11:32:07] [Server thread/INFO]: Zuygui issued server command: /clear
[11:33:12] [Server thread/INFO]: Zuygui issued server command: /clear
[11:34:44] [Server thread/INFO]: Zuygui issued server command: /clear
[12:00:52] [JDA MainWS-ReadThread/INFO]: [DiscordSRV] Tchat: [<aqua>Discord</aqua> | %toprolealias%<reset>] ?A? sNeatX > salut Zuygui
[12:01:38] [JDA MainWS-ReadThread/INFO]: [DiscordSRV] Tchat: [<aqua>Discord</aqua> | %toprolealias%<reset>] ?A? sNeatX > t'es afk ?
[12:03:13] [Server thread/INFO]: Zuygui issued server command: /list
[12:03:33] [Server thread/ERROR]: Could not pass event PlayerInteractEvent to CratesPlus v4.5.3
org.bukkit.event.EventException
	at org.bukkit.plugin.java.JavaPluginLoader$1.execute(JavaPluginLoader.java:306) ~[spigot-1.11.jar:git-Spigot-f950f8e-0a81101]
	at org.bukkit.plugin.RegisteredListener.callEvent(RegisteredListener.java:62) ~[spigot-1.11.jar:git-Spigot-f950f8e-0a81101]
	at org.bukkit.plugin.SimplePluginManager.fireEvent(SimplePluginManager.java:502) [spigot-1.11.jar:git-Spigot-f950f8e-0a81101]
	at org.bukkit.plugin.SimplePluginManager.callEvent(SimplePluginManager.java:487) [spigot-1.11.jar:git-Spigot-f950f8e-0a81101]
	at org.bukkit.craftbukkit.v1_11_R1.event.CraftEventFactory.callPlayerInteractEvent(CraftEventFactory.java:232) [spigot-1.11.jar:git-Spigot-f950f8e-0a81101]
	at net.minecraft.server.v1_11_R1.PlayerInteractManager.a(PlayerInteractManager.java:444) [spigot-1.11.jar:git-Spigot-f950f8e-0a81101]
	at net.minecraft.server.v1_11_R1.PlayerConnection.a(PlayerConnection.java:897) [spigot-1.11.jar:git-Spigot-f950f8e-0a81101]
	at net.minecraft.server.v1_11_R1.PacketPlayInUseItem.a(PacketPlayInUseItem.java:37) [spigot-1.11.jar:git-Spigot-f950f8e-0a81101]
	at net.minecraft.server.v1_11_R1.PacketPlayInUseItem.a(PacketPlayInUseItem.java:1) [spigot-1.11.jar:git-Spigot-f950f8e-0a81101]
	at net.minecraft.server.v1_11_R1.PlayerConnectionUtils$1.run(SourceFile:13) [spigot-1.11.jar:git-Spigot-f950f8e-0a81101]
	at java.util.concurrent.Executors$RunnableAdapter.call(Unknown Source) [?:1.8.0_281]
	at java.util.concurrent.FutureTask.run(Unknown Source) [?:1.8.0_281]
	at net.minecraft.server.v1_11_R1.SystemUtils.a(SourceFile:46) [spigot-1.11.jar:git-Spigot-f950f8e-0a81101]
	at net.minecraft.server.v1_11_R1.MinecraftServer.D(MinecraftServer.java:739) [spigot-1.11.jar:git-Spigot-f950f8e-0a81101]
	at net.minecraft.server.v1_11_R1.DedicatedServer.D(DedicatedServer.java:399) [spigot-1.11.jar:git-Spigot-f950f8e-0a81101]
	at net.minecraft.server.v1_11_R1.MinecraftServer.C(MinecraftServer.java:675) [spigot-1.11.jar:git-Spigot-f950f8e-0a81101]
	at net.minecraft.server.v1_11_R1.MinecraftServer.run(MinecraftServer.java:574) [spigot-1.11.jar:git-Spigot-f950f8e-0a81101]
	at java.lang.Thread.run(Unknown Source) [?:1.8.0_281]
Caused by: java.lang.NullPointerException
	at org.bukkit.craftbukkit.v1_11_R1.entity.CraftHumanEntity.openInventory(CraftHumanEntity.java:185) ~[spigot-1.11.jar:git-Spigot-f950f8e-0a81101]
	at plus.crates.Opener.BasicGUIOpener.doReopen(BasicGUIOpener.java:141) ~[?:?]
	at plus.crates.Listeners.PlayerInteract.onPlayerInteract(PlayerInteract.java:80) ~[?:?]
	at sun.reflect.GeneratedMethodAccessor26.invoke(Unknown Source) ~[?:?]
	at sun.reflect.DelegatingMethodAccessorImpl.invoke(Unknown Source) ~[?:1.8.0_281]
	at java.lang.reflect.Method.invoke(Unknown Source) ~[?:1.8.0_281]
	at org.bukkit.plugin.java.JavaPluginLoader$1.execute(JavaPluginLoader.java:302) ~[spigot-1.11.jar:git-Spigot-f950f8e-0a81101]
	... 17 more
[12:06:49] [Server thread/INFO]: Zuygui lost connection: Disconnected
[12:06:49] [Server thread/INFO]: Zuygui left the game
